2025-09-05 07:08:57,674 - INFO - Using device: cuda:0
2025-09-05 07:08:57,674 - INFO - 데이터 로딩 중...
2025-09-05 07:24:31,145 - INFO - y값 제거 후: 1671457행
2025-09-05 07:24:31,145 - INFO - 
Inf 값 확인:
2025-09-05 07:24:31,157 - INFO -      → 아주 큰 값(100000.0)으로 대체
2025-09-05 07:24:31,579 - INFO - 원본 데이터 로드 완료:
2025-09-05 07:24:31,579 - INFO -   - 총 행 수: 1,671,457개
2025-09-05 07:24:31,587 - INFO -   - 고유 timekey_hr: 2136개
2025-09-05 07:24:31,587 - INFO - 통합된 범주형 변수 설정:
2025-09-05 07:24:31,587 - INFO -   - 변수별 카테고리 수: {'oper_group': 277, 'days': 7, 'shift': 3, 'x1': 20}
2025-09-05 07:24:31,587 - INFO -   - 총 vocabulary 크기: 307
2025-09-05 07:24:31,659 - INFO -   - oper_group: 인덱스 0~276 (277개)
2025-09-05 07:24:31,730 - INFO -   - days: 인덱스 277~283 (7개)
2025-09-05 07:24:31,812 - INFO -   - shift: 인덱스 284~286 (3개)
2025-09-05 07:24:31,886 - INFO -   - x1: 인덱스 287~306 (20개)
2025-09-05 07:24:31,886 - INFO -   - 최종 통합 vocabulary 크기: 307
2025-09-05 07:24:32,528 - INFO - 날짜 기준 데이터 분할 완료:
2025-09-05 07:24:32,528 - INFO -   - 총 날짜 수: 90일
2025-09-05 07:24:32,528 - INFO -   - Train: 72일 (1,342,808행)
2025-09-05 07:24:32,528 - INFO -   - Validation: 9일 (170,705행)
2025-09-05 07:24:32,528 - INFO -   - Test: 9일 (157,944행)
2025-09-05 07:24:32,528 - INFO -   - Train 날짜 범위: 20250503 ~ 20250713
2025-09-05 07:24:32,528 - INFO -   - Val 날짜 범위: 20250714 ~ 20250722
2025-09-05 07:24:32,529 - INFO -   - Test 날짜 범위: 20250723 ~ 20250731
2025-09-05 07:24:32,529 - INFO - 
Window sliding 설정:
2025-09-05 07:24:32,529 - INFO -   - Window 크기: 100
2025-09-05 07:24:32,529 - INFO -   - Stride: 100 (비겹침)
2025-09-05 07:24:32,529 - INFO -   - Padding 값: -9999.0
2025-09-05 07:24:53,101 - INFO - Window sliding 결과:
2025-09-05 07:24:53,101 - INFO -   - 총 샘플 수: 13756
2025-09-05 07:24:53,103 - INFO -   - 평균 실제 길이: 97.6
2025-09-05 07:24:53,104 - INFO -   - 최대 실제 길이: 100
2025-09-05 07:24:53,105 - INFO -   - 최소 실제 길이: 1
2025-09-05 07:24:53,106 - INFO -   - 고유한 timekey_hr: 1721개
2025-09-05 07:24:53,107 - INFO -   - timekey_hr당 평균 샘플 수: 8.0개
2025-09-05 07:24:53,110 - INFO - 시퀀스 데이터셋 구성 완료:
2025-09-05 07:24:53,111 - INFO -   - 총 샘플 수: 13756
2025-09-05 07:24:53,111 - INFO -   - Window 크기: 100
2025-09-05 07:24:53,111 - INFO -   - Stride: 100
2025-09-05 07:24:53,111 - INFO -   - 연속형 차원: 20
2025-09-05 07:24:53,111 - INFO -   - 범주형 변수 수: 4
2025-09-05 07:24:53,111 - INFO -   - 임베딩 차원: 8
2025-09-05 07:24:53,111 - INFO -   - 최종 특성 차원: 52
2025-09-05 07:24:53,111 - INFO -   - 패딩값: -9999.0
2025-09-05 07:24:55,515 - INFO - Window sliding 결과:
2025-09-05 07:24:55,515 - INFO -   - 총 샘플 수: 1730
2025-09-05 07:24:55,515 - INFO -   - 평균 실제 길이: 98.7
2025-09-05 07:24:55,516 - INFO -   - 최대 실제 길이: 100
2025-09-05 07:24:55,516 - INFO -   - 최소 실제 길이: 1
2025-09-05 07:24:55,516 - INFO -   - 고유한 timekey_hr: 216개
2025-09-05 07:24:55,516 - INFO -   - timekey_hr당 평균 샘플 수: 8.0개
2025-09-05 07:24:55,517 - INFO - 시퀀스 데이터셋 구성 완료:
2025-09-05 07:24:55,517 - INFO -   - 총 샘플 수: 1730
2025-09-05 07:24:55,517 - INFO -   - Window 크기: 100
2025-09-05 07:24:55,517 - INFO -   - Stride: 100
2025-09-05 07:24:55,517 - INFO -   - 연속형 차원: 20
2025-09-05 07:24:55,517 - INFO -   - 범주형 변수 수: 4
2025-09-05 07:24:55,517 - INFO -   - 임베딩 차원: 8
2025-09-05 07:24:55,517 - INFO -   - 최종 특성 차원: 52
2025-09-05 07:24:55,518 - INFO -   - 패딩값: -9999.0
2025-09-05 07:24:58,021 - INFO - Window sliding 결과:
2025-09-05 07:24:58,021 - INFO -   - 총 샘플 수: 1603
2025-09-05 07:24:58,022 - INFO -   - 평균 실제 길이: 98.5
2025-09-05 07:24:58,022 - INFO -   - 최대 실제 길이: 100
2025-09-05 07:24:58,022 - INFO -   - 최소 실제 길이: 1
2025-09-05 07:24:58,022 - INFO -   - 고유한 timekey_hr: 199개
2025-09-05 07:24:58,022 - INFO -   - timekey_hr당 평균 샘플 수: 8.1개
2025-09-05 07:24:58,023 - INFO - 시퀀스 데이터셋 구성 완료:
2025-09-05 07:24:58,023 - INFO -   - 총 샘플 수: 1603
2025-09-05 07:24:58,023 - INFO -   - Window 크기: 100
2025-09-05 07:24:58,023 - INFO -   - Stride: 100
2025-09-05 07:24:58,024 - INFO -   - 연속형 차원: 20
2025-09-05 07:24:58,024 - INFO -   - 범주형 변수 수: 4
2025-09-05 07:24:58,024 - INFO -   - 임베딩 차원: 8
2025-09-05 07:24:58,024 - INFO -   - 최종 특성 차원: 52
2025-09-05 07:24:58,024 - INFO -   - 패딩값: -9999.0
2025-09-05 07:24:58,024 - INFO - 
데이터로더 생성 완료:
2025-09-05 07:24:58,024 - INFO -   - 배치 크기: 16
2025-09-05 07:24:58,024 - INFO -   - Train 배치 수: 860
2025-09-05 07:24:58,025 - INFO -   - Val 배치 수: 109
2025-09-05 07:24:58,025 - INFO -   - Test 배치 수: 101
2025-09-05 07:24:58,025 - INFO -   - 최종 특성 차원: 52
2025-09-05 07:24:58,123 - INFO - 모델 생성 중...
2025-09-05 07:24:59,518 - INFO - 데이터로더에서 추출한 특성 차원: 52
2025-09-05 07:24:59,518 - INFO - 모델 생성 중:
2025-09-05 07:24:59,518 - INFO -   - 모델 타입: cnn1d
2025-09-05 07:24:59,518 - INFO -   - 입력 특성 차원: 52
2025-09-05 07:24:59,518 - INFO -   - 히든 차원: 128
2025-09-05 07:24:59,518 - INFO -   - 레이어 수: 2
2025-09-05 07:24:59,518 - INFO -   - 드롭아웃: 0.1
2025-09-05 07:24:59,523 - INFO -   - 커널 크기들: [3, 5, 7]
2025-09-05 07:24:59,523 - INFO -   - 필터 수: 64
2025-09-05 07:24:59,523 - INFO -   - 총 파라미터 수: 69,121
2025-09-05 07:24:59,523 - INFO -   - 학습 가능한 파라미터 수: 69,121
2025-09-05 07:24:59,523 - INFO - 모델 생성 완료!
2025-09-05 07:24:59,523 - INFO - 훈련 시작...
2025-09-05 07:25:01,972 - INFO - 훈련 시작: 100 에폭, 학습률 0.01
2025-09-05 07:25:01,972 - INFO - 모델 타입: cnn1d
2025-09-05 07:25:01,972 - INFO - 검증 간격: 2 에폭마다
2025-09-05 07:25:01,972 - INFO - 로깅 간격: 1 에폭마다
2025-09-05 07:25:11,989 - INFO - Epoch   1: Train Loss=0.0331, Train MAPE=57255.30% (검증 생략)
2025-09-05 07:25:19,256 - INFO - Epoch   2: Train Loss=0.0278, Val Loss=0.0211, Train MAPE=63401.32%, Val MAPE=22764.52%
2025-09-05 07:25:19,264 - INFO -   → Best model saved! (Val Loss: 0.0211)
2025-09-05 07:25:25,796 - INFO - Epoch   3: Train Loss=0.0272, Train MAPE=48382.92% (검증 생략)
2025-09-05 07:25:33,079 - INFO - Epoch   4: Train Loss=0.0273, Val Loss=0.0219, Train MAPE=56752.59%, Val MAPE=18335.23%
2025-09-05 07:25:39,480 - INFO - Epoch   5: Train Loss=0.0270, Train MAPE=51313.84% (검증 생략)
2025-09-05 07:25:46,689 - INFO - Epoch   6: Train Loss=0.0268, Val Loss=0.0205, Train MAPE=57065.57%, Val MAPE=18731.71%
2025-09-05 07:25:46,700 - INFO -   → Best model saved! (Val Loss: 0.0205)
2025-09-05 07:25:53,171 - INFO - Epoch   7: Train Loss=0.0265, Train MAPE=55120.86% (검증 생략)
2025-09-05 07:26:00,428 - INFO - Epoch   8: Train Loss=0.0264, Val Loss=0.0206, Train MAPE=52962.95%, Val MAPE=18693.06%
2025-09-05 07:26:06,879 - INFO - Epoch   9: Train Loss=0.0265, Train MAPE=58948.88% (검증 생략)
2025-09-05 07:26:14,110 - INFO - Epoch  10: Train Loss=0.0263, Val Loss=0.0209, Train MAPE=56028.15%, Val MAPE=25346.67%
2025-09-05 07:26:20,529 - INFO - Epoch  11: Train Loss=0.0264, Train MAPE=56612.42% (검증 생략)
2025-09-05 07:26:27,873 - INFO - Epoch  12: Train Loss=0.0262, Val Loss=0.0206, Train MAPE=52523.00%, Val MAPE=16967.58%
2025-09-05 07:26:34,373 - INFO - Epoch  13: Train Loss=0.0262, Train MAPE=53827.23% (검증 생략)
2025-09-05 07:26:41,760 - INFO - Epoch  14: Train Loss=0.0262, Val Loss=0.0205, Train MAPE=60293.19%, Val MAPE=21315.68%
2025-09-05 07:26:48,529 - INFO - Epoch  15: Train Loss=0.0262, Train MAPE=52149.14% (검증 생략)
2025-09-05 07:26:56,143 - INFO - Epoch  16: Train Loss=0.0262, Val Loss=0.0202, Train MAPE=59760.84%, Val MAPE=16370.95%
2025-09-05 07:26:56,150 - INFO -   → Best model saved! (Val Loss: 0.0202)
2025-09-05 07:27:02,921 - INFO - Epoch  17: Train Loss=0.0261, Train MAPE=54144.49% (검증 생략)
2025-09-05 07:27:10,579 - INFO - Epoch  18: Train Loss=0.0261, Val Loss=0.0206, Train MAPE=53888.84%, Val MAPE=21803.67%
2025-09-05 07:27:17,292 - INFO - Epoch  19: Train Loss=0.0261, Train MAPE=63414.66% (검증 생략)
2025-09-05 07:27:24,954 - INFO - Epoch  20: Train Loss=0.0260, Val Loss=0.0205, Train MAPE=51848.28%, Val MAPE=18599.21%
2025-09-05 07:27:31,650 - INFO - Epoch  21: Train Loss=0.0263, Train MAPE=68164.60% (검증 생략)
2025-09-05 07:27:39,257 - INFO - Epoch  22: Train Loss=0.0261, Val Loss=0.0204, Train MAPE=57906.53%, Val MAPE=21781.99%
2025-09-05 07:27:45,960 - INFO - Epoch  23: Train Loss=0.0261, Train MAPE=56331.63% (검증 생략)
2025-09-05 07:27:53,543 - INFO - Epoch  24: Train Loss=0.0261, Val Loss=0.0205, Train MAPE=58534.08%, Val MAPE=19261.80%
2025-09-05 07:28:00,302 - INFO - Epoch  25: Train Loss=0.0262, Train MAPE=55665.61% (검증 생략)
2025-09-05 07:28:07,928 - INFO - Epoch  26: Train Loss=0.0263, Val Loss=0.0206, Train MAPE=59511.05%, Val MAPE=19035.04%
2025-09-05 07:28:14,651 - INFO - Epoch  27: Train Loss=0.0261, Train MAPE=51875.23% (검증 생략)
2025-09-05 07:28:22,279 - INFO - Epoch  28: Train Loss=0.0263, Val Loss=0.0206, Train MAPE=61531.29%, Val MAPE=22555.62%
2025-09-05 07:28:29,088 - INFO - Epoch  29: Train Loss=0.0261, Train MAPE=59544.04% (검증 생략)
2025-09-05 07:28:36,716 - INFO - Epoch  30: Train Loss=0.0261, Val Loss=0.0206, Train MAPE=65615.08%, Val MAPE=21077.71%
2025-09-05 07:28:43,485 - INFO - Epoch  31: Train Loss=0.0262, Train MAPE=55194.33% (검증 생략)
2025-09-05 07:28:51,089 - INFO - Epoch  32: Train Loss=0.0262, Val Loss=0.0202, Train MAPE=53879.36%, Val MAPE=20594.54%
2025-09-05 07:28:51,096 - INFO -   → Best model saved! (Val Loss: 0.0202)
2025-09-05 07:28:57,877 - INFO - Epoch  33: Train Loss=0.0261, Train MAPE=54992.40% (검증 생략)
2025-09-05 07:29:05,445 - INFO - Epoch  34: Train Loss=0.0261, Val Loss=0.0205, Train MAPE=62808.40%, Val MAPE=21558.48%
2025-09-05 07:29:12,217 - INFO - Epoch  35: Train Loss=0.0261, Train MAPE=58066.83% (검증 생략)
2025-09-05 07:29:19,823 - INFO - Epoch  36: Train Loss=0.0261, Val Loss=0.0212, Train MAPE=61806.20%, Val MAPE=16529.12%
2025-09-05 07:29:26,649 - INFO - Epoch  37: Train Loss=0.0261, Train MAPE=54657.29% (검증 생략)
2025-09-05 07:29:34,249 - INFO - Epoch  38: Train Loss=0.0263, Val Loss=0.0214, Train MAPE=57943.01%, Val MAPE=23688.57%
2025-09-05 07:29:40,938 - INFO - Epoch  39: Train Loss=0.0262, Train MAPE=58571.10% (검증 생략)
2025-09-05 07:29:48,614 - INFO - Epoch  40: Train Loss=0.0263, Val Loss=0.0206, Train MAPE=58910.31%, Val MAPE=19441.30%
2025-09-05 07:29:55,356 - INFO - Epoch  41: Train Loss=0.0261, Train MAPE=59848.66% (검증 생략)
2025-09-05 07:30:02,979 - INFO - Epoch  42: Train Loss=0.0262, Val Loss=0.0204, Train MAPE=58853.10%, Val MAPE=21311.91%
2025-09-05 07:30:09,744 - INFO - Epoch  43: Train Loss=0.0260, Train MAPE=57536.74% (검증 생략)
2025-09-05 07:30:17,371 - INFO - Epoch  44: Train Loss=0.0262, Val Loss=0.0208, Train MAPE=60735.89%, Val MAPE=17339.39%
2025-09-05 07:30:24,111 - INFO - Epoch  45: Train Loss=0.0261, Train MAPE=53312.80% (검증 생략)
2025-09-05 07:30:31,672 - INFO - Epoch  46: Train Loss=0.0262, Val Loss=0.0212, Train MAPE=53126.69%, Val MAPE=25269.57%
2025-09-05 07:30:38,388 - INFO - Epoch  47: Train Loss=0.0261, Train MAPE=51883.64% (검증 생략)
2025-09-05 07:30:45,908 - INFO - Epoch  48: Train Loss=0.0261, Val Loss=0.0204, Train MAPE=52766.91%, Val MAPE=21054.46%
2025-09-05 07:30:52,644 - INFO - Epoch  49: Train Loss=0.0260, Train MAPE=61322.72% (검증 생략)
2025-09-05 07:31:00,245 - INFO - Epoch  50: Train Loss=0.0262, Val Loss=0.0203, Train MAPE=54428.24%, Val MAPE=20620.90%
2025-09-05 07:31:07,061 - INFO - Epoch  51: Train Loss=0.0261, Train MAPE=53455.28% (검증 생략)
2025-09-05 07:31:14,590 - INFO - Epoch  52: Train Loss=0.0260, Val Loss=0.0204, Train MAPE=55399.99%, Val MAPE=20876.57%
2025-09-05 07:31:21,306 - INFO - Epoch  53: Train Loss=0.0260, Train MAPE=59604.28% (검증 생략)
2025-09-05 07:31:29,041 - INFO - Epoch  54: Train Loss=0.0260, Val Loss=0.0205, Train MAPE=58435.70%, Val MAPE=21247.28%
2025-09-05 07:31:35,814 - INFO - Epoch  55: Train Loss=0.0257, Train MAPE=61097.96% (검증 생략)
2025-09-05 07:31:43,413 - INFO - Epoch  56: Train Loss=0.0256, Val Loss=0.0203, Train MAPE=52019.34%, Val MAPE=22643.04%
2025-09-05 07:31:50,094 - INFO - Epoch  57: Train Loss=0.0256, Train MAPE=59297.84% (검증 생략)
2025-09-05 07:31:57,709 - INFO - Epoch  58: Train Loss=0.0255, Val Loss=0.0202, Train MAPE=57183.62%, Val MAPE=20783.64%
2025-09-05 07:32:04,480 - INFO - Epoch  59: Train Loss=0.0254, Train MAPE=57856.09% (검증 생략)
2025-09-05 07:32:12,102 - INFO - Epoch  60: Train Loss=0.0253, Val Loss=0.0202, Train MAPE=56886.85%, Val MAPE=19266.88%
2025-09-05 07:32:18,836 - INFO - Epoch  61: Train Loss=0.0253, Train MAPE=60957.77% (검증 생략)
2025-09-05 07:32:26,416 - INFO - Epoch  62: Train Loss=0.0254, Val Loss=0.0200, Train MAPE=55967.44%, Val MAPE=18289.62%
2025-09-05 07:32:26,424 - INFO -   → Best model saved! (Val Loss: 0.0200)
2025-09-05 07:32:33,210 - INFO - Epoch  63: Train Loss=0.0252, Train MAPE=58362.21% (검증 생략)
2025-09-05 07:32:40,871 - INFO - Epoch  64: Train Loss=0.0254, Val Loss=0.0202, Train MAPE=59343.82%, Val MAPE=20120.62%
2025-09-05 07:32:47,639 - INFO - Epoch  65: Train Loss=0.0253, Train MAPE=51838.78% (검증 생략)
2025-09-05 07:32:55,229 - INFO - Epoch  66: Train Loss=0.0253, Val Loss=0.0206, Train MAPE=62909.78%, Val MAPE=23229.58%
2025-09-05 07:33:01,989 - INFO - Epoch  67: Train Loss=0.0253, Train MAPE=59500.56% (검증 생략)
2025-09-05 07:33:09,644 - INFO - Epoch  68: Train Loss=0.0253, Val Loss=0.0203, Train MAPE=53649.76%, Val MAPE=21087.89%
2025-09-05 07:33:16,343 - INFO - Epoch  69: Train Loss=0.0253, Train MAPE=58415.38% (검증 생략)
2025-09-05 07:33:23,965 - INFO - Epoch  70: Train Loss=0.0254, Val Loss=0.0203, Train MAPE=56530.51%, Val MAPE=21757.69%
2025-09-05 07:33:30,799 - INFO - Epoch  71: Train Loss=0.0253, Train MAPE=56661.31% (검증 생략)
2025-09-05 07:33:38,438 - INFO - Epoch  72: Train Loss=0.0253, Val Loss=0.0199, Train MAPE=54268.90%, Val MAPE=20467.14%
2025-09-05 07:33:38,445 - INFO -   → Best model saved! (Val Loss: 0.0199)
2025-09-05 07:33:45,161 - INFO - Epoch  73: Train Loss=0.0253, Train MAPE=59648.00% (검증 생략)
2025-09-05 07:33:52,743 - INFO - Epoch  74: Train Loss=0.0254, Val Loss=0.0203, Train MAPE=63360.52%, Val MAPE=22327.43%
2025-09-05 07:33:59,488 - INFO - Epoch  75: Train Loss=0.0254, Train MAPE=49754.88% (검증 생략)
2025-09-05 07:34:07,095 - INFO - Epoch  76: Train Loss=0.0253, Val Loss=0.0201, Train MAPE=57123.44%, Val MAPE=18227.27%
2025-09-05 07:34:13,800 - INFO - Epoch  77: Train Loss=0.0253, Train MAPE=56201.99% (검증 생략)
2025-09-05 07:34:21,449 - INFO - Epoch  78: Train Loss=0.0254, Val Loss=0.0203, Train MAPE=52268.82%, Val MAPE=22404.65%
2025-09-05 07:34:28,227 - INFO - Epoch  79: Train Loss=0.0254, Train MAPE=60458.32% (검증 생략)
2025-09-05 07:34:35,819 - INFO - Epoch  80: Train Loss=0.0254, Val Loss=0.0202, Train MAPE=63659.92%, Val MAPE=21263.24%
2025-09-05 07:34:42,503 - INFO - Epoch  81: Train Loss=0.0255, Train MAPE=59652.35% (검증 생략)
2025-09-05 07:34:50,122 - INFO - Epoch  82: Train Loss=0.0253, Val Loss=0.0203, Train MAPE=54542.10%, Val MAPE=19973.55%
2025-09-05 07:34:56,897 - INFO - Epoch  83: Train Loss=0.0253, Train MAPE=52852.46% (검증 생략)
2025-09-05 07:35:04,556 - INFO - Epoch  84: Train Loss=0.0254, Val Loss=0.0204, Train MAPE=61503.18%, Val MAPE=19192.71%
2025-09-05 07:35:11,344 - INFO - Epoch  85: Train Loss=0.0255, Train MAPE=53397.82% (검증 생략)
2025-09-05 07:35:18,968 - INFO - Epoch  86: Train Loss=0.0253, Val Loss=0.0204, Train MAPE=55805.07%, Val MAPE=22557.14%
2025-09-05 07:35:25,665 - INFO - Epoch  87: Train Loss=0.0253, Train MAPE=52464.70% (검증 생략)
2025-09-05 07:35:33,314 - INFO - Epoch  88: Train Loss=0.0254, Val Loss=0.0203, Train MAPE=60088.52%, Val MAPE=22568.20%
2025-09-05 07:35:40,105 - INFO - Epoch  89: Train Loss=0.0255, Train MAPE=60036.60% (검증 생략)
2025-09-05 07:35:47,689 - INFO - Epoch  90: Train Loss=0.0253, Val Loss=0.0200, Train MAPE=55089.79%, Val MAPE=20453.55%
2025-09-05 07:35:54,457 - INFO - Epoch  91: Train Loss=0.0256, Train MAPE=58593.60% (검증 생략)
2025-09-05 07:36:02,032 - INFO - Epoch  92: Train Loss=0.0253, Val Loss=0.0201, Train MAPE=65059.20%, Val MAPE=20717.16%
2025-09-05 07:36:08,712 - INFO - Epoch  93: Train Loss=0.0252, Train MAPE=63969.45% (검증 생략)
2025-09-05 07:36:16,307 - INFO - Epoch  94: Train Loss=0.0254, Val Loss=0.0204, Train MAPE=56809.62%, Val MAPE=22159.27%
2025-09-05 07:36:23,151 - INFO - Epoch  95: Train Loss=0.0251, Train MAPE=59922.06% (검증 생략)
2025-09-05 07:36:30,785 - INFO - Epoch  96: Train Loss=0.0250, Val Loss=0.0203, Train MAPE=63434.55%, Val MAPE=19307.02%
2025-09-05 07:36:37,522 - INFO - Epoch  97: Train Loss=0.0250, Train MAPE=59828.44% (검증 생략)
2025-09-05 07:36:45,213 - INFO - Epoch  98: Train Loss=0.0249, Val Loss=0.0200, Train MAPE=58059.57%, Val MAPE=20650.34%
2025-09-05 07:36:51,941 - INFO - Epoch  99: Train Loss=0.0249, Train MAPE=57287.34% (검증 생략)
2025-09-05 07:36:59,480 - INFO - Epoch 100: Train Loss=0.0249, Val Loss=0.0204, Train MAPE=52510.59%, Val MAPE=22572.08%
2025-09-05 07:36:59,482 - INFO - 훈련 완료, 테스트 시작...
2025-09-05 07:36:59,482 - INFO - 모델 로드: 250905_cnn1d/cnn1d_20250905_070856.pth
2025-09-05 07:36:59,492 - INFO - 테스트 시작
2025-09-05 07:37:01,947 - INFO - 테스트 결과: RMSE=0.1488, MAE=0.0546, MAPE=15289.56%
2025-09-05 07:37:01,947 - INFO - 구조화된 예측 결과: 157,944개
2025-09-05 07:37:01,948 - INFO - 결과 저장 완료: 250905_cnn1d/cnn1d_20250905_070856_results.json
2025-09-05 07:37:03,084 - INFO - 구조화된 예측 결과 저장:
2025-09-05 07:37:03,084 - INFO -   - 파일 경로: 250905_cnn1d/cnn1d_20250905_070856_predictions.csv
2025-09-05 07:37:03,084 - INFO -   - 저장된 예측 개수: 157,944개
2025-09-05 07:37:03,085 - INFO -   - 고유한 timekey_hr: 199개
2025-09-05 07:37:03,091 - INFO -   - 고유한 oper_id: 813개
2025-09-05 07:37:03,095 - INFO -   - 고유한 first_oper_id: 126개
2025-09-05 07:37:03,102 - INFO -   - 고유한 last_oper_id: 121개
2025-09-05 07:37:03,102 - INFO -   - 평균 윈도우 길이: 99.3
2025-09-05 07:37:03,102 - INFO - ==================================================
2025-09-05 07:37:03,102 - INFO - 실험 완료: cnn1d_20250905_070856
2025-09-05 07:37:03,102 - INFO - 모델 타입: cnn1d
2025-09-05 07:37:03,103 - INFO - 테스트 RMSE: 0.1488
2025-09-05 07:37:03,103 - INFO - 테스트 MAE: 0.0546
2025-09-05 07:37:03,103 - INFO - 테스트 MAPE: 15289.56%
2025-09-05 07:37:03,103 - INFO - 총 파라미터 수: 69,121
2025-09-05 07:37:03,103 - INFO - 학습 가능한 파라미터 수: 69,121
2025-09-05 07:37:03,103 - INFO - 모델 저장 위치: 250905_cnn1d/cnn1d_20250905_070856.pth
2025-09-05 07:37:03,103 - INFO - 결과 저장 위치: 250905_cnn1d/cnn1d_20250905_070856_results.json
2025-09-05 07:37:03,103 - INFO - ==================================================
2025-09-05 11:43:37,635 - INFO - Using device: cuda:0
2025-09-05 11:43:37,636 - INFO - 데이터 로딩 중...
2025-09-05 11:59:24,282 - INFO - y값 제거 후: 1671457행
2025-09-05 11:59:24,282 - INFO - 
Inf 값 확인:
2025-09-05 11:59:24,294 - INFO -      → 아주 큰 값(100000.0)으로 대체
2025-09-05 11:59:24,778 - INFO - 원본 데이터 로드 완료:
2025-09-05 11:59:24,778 - INFO -   - 총 행 수: 1,671,457개
2025-09-05 11:59:24,787 - INFO -   - 고유 timekey_hr: 2136개
2025-09-05 11:59:24,787 - INFO - 통합된 범주형 변수 설정:
2025-09-05 11:59:24,787 - INFO -   - 변수별 카테고리 수: {'oper_group': 277, 'days': 7, 'shift': 3, 'x1': 20}
2025-09-05 11:59:24,787 - INFO -   - 총 vocabulary 크기: 307
2025-09-05 11:59:24,907 - INFO -   - oper_group: 인덱스 0~276 (277개)
2025-09-05 11:59:25,023 - INFO -   - days: 인덱스 277~283 (7개)
2025-09-05 11:59:25,116 - INFO -   - shift: 인덱스 284~286 (3개)
2025-09-05 11:59:25,199 - INFO -   - x1: 인덱스 287~306 (20개)
2025-09-05 11:59:25,200 - INFO -   - 최종 통합 vocabulary 크기: 307
2025-09-05 11:59:25,829 - INFO - 날짜 기준 데이터 분할 완료:
2025-09-05 11:59:25,829 - INFO -   - 총 날짜 수: 90일
2025-09-05 11:59:25,829 - INFO -   - Train: 72일 (1,342,808행)
2025-09-05 11:59:25,829 - INFO -   - Validation: 9일 (170,705행)
2025-09-05 11:59:25,829 - INFO -   - Test: 9일 (157,944행)
2025-09-05 11:59:25,829 - INFO -   - Train 날짜 범위: 20250503 ~ 20250713
2025-09-05 11:59:25,829 - INFO -   - Val 날짜 범위: 20250714 ~ 20250722
2025-09-05 11:59:25,829 - INFO -   - Test 날짜 범위: 20250723 ~ 20250731
2025-09-05 11:59:25,829 - INFO - 
Window sliding 설정:
2025-09-05 11:59:25,829 - INFO -   - Window 크기: 100
2025-09-05 11:59:25,829 - INFO -   - Stride: 100 (비겹침)
2025-09-05 11:59:25,830 - INFO -   - Padding 값: -9999.0
2025-09-05 11:59:46,296 - INFO - Window sliding 결과:
2025-09-05 11:59:46,296 - INFO -   - 총 샘플 수: 13756
2025-09-05 11:59:46,299 - INFO -   - 평균 실제 길이: 97.6
2025-09-05 11:59:46,300 - INFO -   - 최대 실제 길이: 100
2025-09-05 11:59:46,301 - INFO -   - 최소 실제 길이: 1
2025-09-05 11:59:46,303 - INFO -   - 고유한 timekey_hr: 1721개
2025-09-05 11:59:46,303 - INFO -   - timekey_hr당 평균 샘플 수: 8.0개
2025-09-05 11:59:46,307 - INFO - 시퀀스 데이터셋 구성 완료:
2025-09-05 11:59:46,307 - INFO -   - 총 샘플 수: 13756
2025-09-05 11:59:46,307 - INFO -   - Window 크기: 100
2025-09-05 11:59:46,307 - INFO -   - Stride: 100
2025-09-05 11:59:46,307 - INFO -   - 연속형 차원: 20
2025-09-05 11:59:46,307 - INFO -   - 범주형 변수 수: 4
2025-09-05 11:59:46,307 - INFO -   - 임베딩 차원: 8
2025-09-05 11:59:46,307 - INFO -   - 최종 특성 차원: 52
2025-09-05 11:59:46,307 - INFO -   - 패딩값: -9999.0
2025-09-05 11:59:48,917 - INFO - Window sliding 결과:
2025-09-05 11:59:48,918 - INFO -   - 총 샘플 수: 1730
2025-09-05 11:59:48,918 - INFO -   - 평균 실제 길이: 98.7
2025-09-05 11:59:48,918 - INFO -   - 최대 실제 길이: 100
2025-09-05 11:59:48,919 - INFO -   - 최소 실제 길이: 1
2025-09-05 11:59:48,919 - INFO -   - 고유한 timekey_hr: 216개
2025-09-05 11:59:48,919 - INFO -   - timekey_hr당 평균 샘플 수: 8.0개
2025-09-05 11:59:48,920 - INFO - 시퀀스 데이터셋 구성 완료:
2025-09-05 11:59:48,920 - INFO -   - 총 샘플 수: 1730
2025-09-05 11:59:48,920 - INFO -   - Window 크기: 100
2025-09-05 11:59:48,920 - INFO -   - Stride: 100
2025-09-05 11:59:48,920 - INFO -   - 연속형 차원: 20
2025-09-05 11:59:48,920 - INFO -   - 범주형 변수 수: 4
2025-09-05 11:59:48,920 - INFO -   - 임베딩 차원: 8
2025-09-05 11:59:48,920 - INFO -   - 최종 특성 차원: 52
2025-09-05 11:59:48,921 - INFO -   - 패딩값: -9999.0
2025-09-05 11:59:51,354 - INFO - Window sliding 결과:
2025-09-05 11:59:51,354 - INFO -   - 총 샘플 수: 1603
2025-09-05 11:59:51,354 - INFO -   - 평균 실제 길이: 98.5
2025-09-05 11:59:51,355 - INFO -   - 최대 실제 길이: 100
2025-09-05 11:59:51,355 - INFO -   - 최소 실제 길이: 1
2025-09-05 11:59:51,355 - INFO -   - 고유한 timekey_hr: 199개
2025-09-05 11:59:51,355 - INFO -   - timekey_hr당 평균 샘플 수: 8.1개
2025-09-05 11:59:51,356 - INFO - 시퀀스 데이터셋 구성 완료:
2025-09-05 11:59:51,356 - INFO -   - 총 샘플 수: 1603
2025-09-05 11:59:51,356 - INFO -   - Window 크기: 100
2025-09-05 11:59:51,356 - INFO -   - Stride: 100
2025-09-05 11:59:51,356 - INFO -   - 연속형 차원: 20
2025-09-05 11:59:51,356 - INFO -   - 범주형 변수 수: 4
2025-09-05 11:59:51,356 - INFO -   - 임베딩 차원: 8
2025-09-05 11:59:51,356 - INFO -   - 최종 특성 차원: 52
2025-09-05 11:59:51,356 - INFO -   - 패딩값: -9999.0
2025-09-05 11:59:51,357 - INFO - 
데이터로더 생성 완료:
2025-09-05 11:59:51,357 - INFO -   - 배치 크기: 16
2025-09-05 11:59:51,357 - INFO -   - Train 배치 수: 860
2025-09-05 11:59:51,357 - INFO -   - Val 배치 수: 109
2025-09-05 11:59:51,357 - INFO -   - Test 배치 수: 101
2025-09-05 11:59:51,357 - INFO -   - 최종 특성 차원: 52
2025-09-05 11:59:51,455 - INFO - 모델 생성 중...
2025-09-05 11:59:52,949 - INFO - 데이터로더에서 추출한 특성 차원: 52
2025-09-05 11:59:52,950 - INFO - 모델 생성 중:
2025-09-05 11:59:52,950 - INFO -   - 모델 타입: lstm_attention
2025-09-05 11:59:52,950 - INFO -   - 입력 특성 차원: 52
2025-09-05 11:59:52,950 - INFO -   - 히든 차원: 128
2025-09-05 11:59:52,950 - INFO -   - 레이어 수: 2
2025-09-05 11:59:52,950 - INFO -   - 드롭아웃: 0.1
2025-09-05 11:59:52,956 - INFO -   - RNN 타입: LSTM
2025-09-05 11:59:52,956 - INFO -   - 양방향: Yes
2025-09-05 11:59:52,956 - INFO -   - Attention heads: 8
2025-09-05 11:59:52,956 - INFO -   - 총 파라미터 수: 680,961
2025-09-05 11:59:52,956 - INFO -   - 학습 가능한 파라미터 수: 680,961
2025-09-05 11:59:52,956 - INFO - 모델 생성 완료!
2025-09-05 11:59:52,957 - INFO - 훈련 시작...
2025-09-05 11:59:55,511 - INFO - 훈련 시작: 100 에폭, 학습률 0.01
2025-09-05 11:59:55,511 - INFO - 모델 타입: lstm_attention
2025-09-05 11:59:55,511 - INFO - 검증 간격: 2 에폭마다
2025-09-05 11:59:55,511 - INFO - 로깅 간격: 1 에폭마다
2025-09-05 12:05:05,830 - INFO - Using device: cuda:0
2025-09-05 12:05:05,830 - INFO - 데이터 로딩 중...
2025-09-05 12:20:58,236 - INFO - y값 제거 후: 1671457행
2025-09-05 12:20:58,236 - INFO - 
Inf 값 확인:
2025-09-05 12:20:58,248 - INFO -      → 아주 큰 값(100000.0)으로 대체
2025-09-05 12:20:58,723 - INFO - 원본 데이터 로드 완료:
2025-09-05 12:20:58,723 - INFO -   - 총 행 수: 1,671,457개
2025-09-05 12:20:58,732 - INFO -   - 고유 timekey_hr: 2136개
2025-09-05 12:20:58,732 - INFO - 통합된 범주형 변수 설정:
2025-09-05 12:20:58,732 - INFO -   - 변수별 카테고리 수: {'oper_group': 277, 'days': 7, 'shift': 3, 'x1': 20}
2025-09-05 12:20:58,732 - INFO -   - 총 vocabulary 크기: 307
2025-09-05 12:20:58,840 - INFO -   - oper_group: 인덱스 0~276 (277개)
2025-09-05 12:20:58,914 - INFO -   - days: 인덱스 277~283 (7개)
2025-09-05 12:20:58,985 - INFO -   - shift: 인덱스 284~286 (3개)
2025-09-05 12:20:59,054 - INFO -   - x1: 인덱스 287~306 (20개)
2025-09-05 12:20:59,054 - INFO -   - 최종 통합 vocabulary 크기: 307
2025-09-05 12:20:59,686 - INFO - 날짜 기준 데이터 분할 완료:
2025-09-05 12:20:59,686 - INFO -   - 총 날짜 수: 90일
2025-09-05 12:20:59,686 - INFO -   - Train: 72일 (1,342,808행)
2025-09-05 12:20:59,686 - INFO -   - Validation: 9일 (170,705행)
2025-09-05 12:20:59,686 - INFO -   - Test: 9일 (157,944행)
2025-09-05 12:20:59,686 - INFO -   - Train 날짜 범위: 20250503 ~ 20250713
2025-09-05 12:20:59,686 - INFO -   - Val 날짜 범위: 20250714 ~ 20250722
2025-09-05 12:20:59,686 - INFO -   - Test 날짜 범위: 20250723 ~ 20250731
2025-09-05 12:20:59,687 - INFO - 
Window sliding 설정:
2025-09-05 12:20:59,687 - INFO -   - Window 크기: 100
2025-09-05 12:20:59,687 - INFO -   - Stride: 100 (비겹침)
2025-09-05 12:20:59,687 - INFO -   - Padding 값: -9999.0
2025-09-05 12:21:20,580 - INFO - Window sliding 결과:
2025-09-05 12:21:20,580 - INFO -   - 총 샘플 수: 13756
2025-09-05 12:21:20,583 - INFO -   - 평균 실제 길이: 97.6
2025-09-05 12:21:20,584 - INFO -   - 최대 실제 길이: 100
2025-09-05 12:21:20,585 - INFO -   - 최소 실제 길이: 1
2025-09-05 12:21:20,587 - INFO -   - 고유한 timekey_hr: 1721개
2025-09-05 12:21:20,587 - INFO -   - timekey_hr당 평균 샘플 수: 8.0개
2025-09-05 12:21:20,591 - INFO - 시퀀스 데이터셋 구성 완료:
2025-09-05 12:21:20,591 - INFO -   - 총 샘플 수: 13756
2025-09-05 12:21:20,591 - INFO -   - Window 크기: 100
2025-09-05 12:21:20,591 - INFO -   - Stride: 100
2025-09-05 12:21:20,591 - INFO -   - 연속형 차원: 20
2025-09-05 12:21:20,591 - INFO -   - 범주형 변수 수: 4
2025-09-05 12:21:20,592 - INFO -   - 임베딩 차원: 8
2025-09-05 12:21:20,592 - INFO -   - 최종 특성 차원: 52
2025-09-05 12:21:20,592 - INFO -   - 패딩값: -9999.0
2025-09-05 12:21:23,132 - INFO - Window sliding 결과:
2025-09-05 12:21:23,132 - INFO -   - 총 샘플 수: 1730
2025-09-05 12:21:23,132 - INFO -   - 평균 실제 길이: 98.7
2025-09-05 12:21:23,132 - INFO -   - 최대 실제 길이: 100
2025-09-05 12:21:23,133 - INFO -   - 최소 실제 길이: 1
2025-09-05 12:21:23,133 - INFO -   - 고유한 timekey_hr: 216개
2025-09-05 12:21:23,133 - INFO -   - timekey_hr당 평균 샘플 수: 8.0개
2025-09-05 12:21:23,134 - INFO - 시퀀스 데이터셋 구성 완료:
2025-09-05 12:21:23,134 - INFO -   - 총 샘플 수: 1730
2025-09-05 12:21:23,134 - INFO -   - Window 크기: 100
2025-09-05 12:21:23,134 - INFO -   - Stride: 100
2025-09-05 12:21:23,134 - INFO -   - 연속형 차원: 20
2025-09-05 12:21:23,134 - INFO -   - 범주형 변수 수: 4
2025-09-05 12:21:23,134 - INFO -   - 임베딩 차원: 8
2025-09-05 12:21:23,135 - INFO -   - 최종 특성 차원: 52
2025-09-05 12:21:23,135 - INFO -   - 패딩값: -9999.0
2025-09-05 12:21:25,472 - INFO - Window sliding 결과:
2025-09-05 12:21:25,472 - INFO -   - 총 샘플 수: 1603
2025-09-05 12:21:25,473 - INFO -   - 평균 실제 길이: 98.5
2025-09-05 12:21:25,473 - INFO -   - 최대 실제 길이: 100
2025-09-05 12:21:25,473 - INFO -   - 최소 실제 길이: 1
2025-09-05 12:21:25,474 - INFO -   - 고유한 timekey_hr: 199개
2025-09-05 12:21:25,474 - INFO -   - timekey_hr당 평균 샘플 수: 8.1개
2025-09-05 12:21:25,475 - INFO - 시퀀스 데이터셋 구성 완료:
2025-09-05 12:21:25,475 - INFO -   - 총 샘플 수: 1603
2025-09-05 12:21:25,475 - INFO -   - Window 크기: 100
2025-09-05 12:21:25,475 - INFO -   - Stride: 100
2025-09-05 12:21:25,475 - INFO -   - 연속형 차원: 20
2025-09-05 12:21:25,475 - INFO -   - 범주형 변수 수: 4
2025-09-05 12:21:25,475 - INFO -   - 임베딩 차원: 8
2025-09-05 12:21:25,475 - INFO -   - 최종 특성 차원: 52
2025-09-05 12:21:25,475 - INFO -   - 패딩값: -9999.0
2025-09-05 12:21:25,476 - INFO - 
데이터로더 생성 완료:
2025-09-05 12:21:25,476 - INFO -   - 배치 크기: 16
2025-09-05 12:21:25,476 - INFO -   - Train 배치 수: 860
2025-09-05 12:21:25,476 - INFO -   - Val 배치 수: 109
2025-09-05 12:21:25,476 - INFO -   - Test 배치 수: 101
2025-09-05 12:21:25,476 - INFO -   - 최종 특성 차원: 52
2025-09-05 12:21:25,574 - INFO - 모델 생성 중...
2025-09-05 12:21:27,066 - INFO - 데이터로더에서 추출한 특성 차원: 52
2025-09-05 12:21:27,066 - INFO - 모델 생성 중:
2025-09-05 12:21:27,066 - INFO -   - 모델 타입: lstm_attention
2025-09-05 12:21:27,066 - INFO -   - 입력 특성 차원: 52
2025-09-05 12:21:27,066 - INFO -   - 히든 차원: 128
2025-09-05 12:21:27,067 - INFO -   - 레이어 수: 2
2025-09-05 12:21:27,067 - INFO -   - 드롭아웃: 0.1
2025-09-05 12:21:27,072 - INFO -   - RNN 타입: LSTM
2025-09-05 12:21:27,072 - INFO -   - 양방향: Yes
2025-09-05 12:21:27,072 - INFO -   - Attention heads: 8
2025-09-05 12:21:27,072 - INFO -   - 총 파라미터 수: 680,961
2025-09-05 12:21:27,072 - INFO -   - 학습 가능한 파라미터 수: 680,961
2025-09-05 12:21:27,072 - INFO - 모델 생성 완료!
2025-09-05 12:21:27,072 - INFO - 훈련 시작...
2025-09-05 12:21:29,719 - INFO - 훈련 시작: 100 에폭, 학습률 0.01
2025-09-05 12:21:29,719 - INFO - 모델 타입: lstm_attention
2025-09-05 12:21:29,719 - INFO - 검증 간격: 2 에폭마다
2025-09-05 12:21:29,719 - INFO - 로깅 간격: 1 에폭마다
2025-09-05 12:21:39,180 - INFO - Epoch   1: Train Loss=0.0486, Train MAPE=48033.39% (검증 생략)
2025-09-05 12:21:48,444 - INFO - Epoch   2: Train Loss=0.0314, Val Loss=0.0267, Train MAPE=60667.07%, Val MAPE=20669.25%
2025-09-05 12:21:48,461 - INFO -   → Best model saved! (Val Loss: 0.0267)
2025-09-05 12:21:56,866 - INFO - Epoch   3: Train Loss=0.0320, Train MAPE=52533.03% (검증 생략)
2025-09-05 12:22:06,138 - INFO - Epoch   4: Train Loss=0.0334, Val Loss=0.0261, Train MAPE=52086.98%, Val MAPE=24945.88%
2025-09-05 12:22:06,169 - INFO -   → Best model saved! (Val Loss: 0.0261)
2025-09-05 12:22:14,598 - INFO - Epoch   5: Train Loss=0.0346, Train MAPE=48041.96% (검증 생략)
2025-09-05 12:22:23,913 - INFO - Epoch   6: Train Loss=0.0375, Val Loss=0.0321, Train MAPE=54056.60%, Val MAPE=18496.06%
2025-09-05 12:22:32,301 - INFO - Epoch   7: Train Loss=0.0393, Train MAPE=52077.98% (검증 생략)
2025-09-05 12:22:41,666 - INFO - Epoch   8: Train Loss=0.0416, Val Loss=0.0453, Train MAPE=41804.65%, Val MAPE=31228.29%
2025-09-05 12:22:50,075 - INFO - Epoch   9: Train Loss=0.0509, Train MAPE=24733.36% (검증 생략)
2025-09-05 12:22:59,354 - INFO - Epoch  10: Train Loss=0.0509, Val Loss=0.0455, Train MAPE=25172.21%, Val MAPE=28733.72%
2025-09-05 12:23:07,777 - INFO - Epoch  11: Train Loss=0.0509, Train MAPE=25083.08% (검증 생략)
2025-09-05 12:23:17,054 - INFO - Epoch  12: Train Loss=0.0509, Val Loss=0.0454, Train MAPE=25594.99%, Val MAPE=32474.51%
2025-09-05 12:23:25,540 - INFO - Epoch  13: Train Loss=0.0509, Train MAPE=25319.25% (검증 생략)
2025-09-05 12:23:34,718 - INFO - Epoch  14: Train Loss=0.0509, Val Loss=0.0454, Train MAPE=25735.50%, Val MAPE=32371.73%
2025-09-05 12:23:43,092 - INFO - Epoch  15: Train Loss=0.0509, Train MAPE=24892.08% (검증 생략)
2025-09-05 12:23:52,335 - INFO - Epoch  16: Train Loss=0.0509, Val Loss=0.0454, Train MAPE=24846.59%, Val MAPE=30692.26%
2025-09-05 12:24:00,697 - INFO - Epoch  17: Train Loss=0.0509, Train MAPE=24963.07% (검증 생략)
2025-09-05 12:24:09,919 - INFO - Epoch  18: Train Loss=0.0509, Val Loss=0.0453, Train MAPE=25159.86%, Val MAPE=31123.68%
2025-09-05 12:24:18,389 - INFO - Epoch  19: Train Loss=0.0509, Train MAPE=25550.94% (검증 생략)
2025-09-05 12:24:27,725 - INFO - Epoch  20: Train Loss=0.0509, Val Loss=0.0453, Train MAPE=25075.31%, Val MAPE=30984.09%
2025-09-05 12:24:36,060 - INFO - Epoch  21: Train Loss=0.0509, Train MAPE=25557.14% (검증 생략)
2025-09-05 12:24:45,353 - INFO - Epoch  22: Train Loss=0.0509, Val Loss=0.0454, Train MAPE=25625.73%, Val MAPE=30674.76%
2025-09-05 12:24:53,750 - INFO - Epoch  23: Train Loss=0.0509, Train MAPE=25532.73% (검증 생략)
2025-09-05 12:25:03,033 - INFO - Epoch  24: Train Loss=0.0509, Val Loss=0.0453, Train MAPE=25347.06%, Val MAPE=31534.10%
2025-09-05 12:25:11,521 - INFO - Epoch  25: Train Loss=0.0509, Train MAPE=25226.50% (검증 생략)
2025-09-05 12:25:20,784 - INFO - Epoch  26: Train Loss=0.0509, Val Loss=0.0454, Train MAPE=25287.77%, Val MAPE=30245.35%
2025-09-05 12:25:29,187 - INFO - Epoch  27: Train Loss=0.0509, Train MAPE=25402.29% (검증 생략)
2025-09-05 12:25:38,489 - INFO - Epoch  28: Train Loss=0.0509, Val Loss=0.0454, Train MAPE=25140.33%, Val MAPE=30568.51%
2025-09-05 12:25:46,859 - INFO - Epoch  29: Train Loss=0.0509, Train MAPE=25265.58% (검증 생략)
2025-09-05 12:25:56,111 - INFO - Epoch  30: Train Loss=0.0508, Val Loss=0.0454, Train MAPE=25436.52%, Val MAPE=32078.09%
2025-09-05 12:26:04,498 - INFO - Epoch  31: Train Loss=0.0509, Train MAPE=25401.00% (검증 생략)
2025-09-05 12:26:13,806 - INFO - Epoch  32: Train Loss=0.0509, Val Loss=0.0454, Train MAPE=25294.44%, Val MAPE=32461.70%
2025-09-05 12:26:22,260 - INFO - Epoch  33: Train Loss=0.0509, Train MAPE=25219.02% (검증 생략)
2025-09-05 12:26:31,537 - INFO - Epoch  34: Train Loss=0.0509, Val Loss=0.0453, Train MAPE=25466.41%, Val MAPE=31133.51%
2025-09-05 12:26:39,930 - INFO - Epoch  35: Train Loss=0.0509, Train MAPE=25538.17% (검증 생략)
2025-09-05 12:26:49,235 - INFO - Epoch  36: Train Loss=0.0509, Val Loss=0.0454, Train MAPE=25230.92%, Val MAPE=30772.03%
2025-09-05 12:26:57,716 - INFO - Epoch  37: Train Loss=0.0509, Train MAPE=25297.63% (검증 생략)
2025-09-05 12:27:06,994 - INFO - Epoch  38: Train Loss=0.0509, Val Loss=0.0453, Train MAPE=24950.61%, Val MAPE=31854.89%
2025-09-05 12:27:15,384 - INFO - Epoch  39: Train Loss=0.0509, Train MAPE=25580.06% (검증 생략)
2025-09-05 12:27:24,644 - INFO - Epoch  40: Train Loss=0.0509, Val Loss=0.0453, Train MAPE=25106.25%, Val MAPE=31964.85%
2025-09-05 12:27:33,036 - INFO - Epoch  41: Train Loss=0.0509, Train MAPE=25288.12% (검증 생략)
2025-09-05 12:27:42,313 - INFO - Epoch  42: Train Loss=0.0509, Val Loss=0.0453, Train MAPE=25457.65%, Val MAPE=31496.50%
2025-09-05 12:27:50,749 - INFO - Epoch  43: Train Loss=0.0508, Train MAPE=25336.95% (검증 생략)
2025-09-05 12:28:00,065 - INFO - Epoch  44: Train Loss=0.0509, Val Loss=0.0454, Train MAPE=25437.78%, Val MAPE=32427.32%
2025-09-05 12:28:00,066 - INFO - Early stopping at epoch 44
2025-09-05 12:28:00,066 - INFO - 훈련 완료, 테스트 시작...
2025-09-05 12:28:00,066 - INFO - 모델 로드: 250905_cnn1d/lstm_attention_20250905_120504.pth
2025-09-05 12:28:00,088 - INFO - 테스트 시작
2025-09-05 12:28:02,833 - INFO - 테스트 결과: RMSE=0.1696, MAE=0.0693, MAPE=9229.27%
2025-09-05 12:28:02,834 - INFO - 구조화된 예측 결과: 157,944개
2025-09-05 12:28:02,835 - INFO - 결과 저장 완료: 250905_cnn1d/lstm_attention_20250905_120504_results.json
2025-09-05 12:28:04,399 - INFO - 구조화된 예측 결과 저장:
2025-09-05 12:28:04,399 - INFO -   - 파일 경로: 250905_cnn1d/lstm_attention_20250905_120504_predictions.csv
2025-09-05 12:28:04,399 - INFO -   - 저장된 예측 개수: 157,944개
2025-09-05 12:28:04,400 - INFO -   - 고유한 timekey_hr: 199개
2025-09-05 12:28:04,408 - INFO -   - 고유한 oper_id: 813개
2025-09-05 12:28:04,413 - INFO -   - 고유한 first_oper_id: 126개
2025-09-05 12:28:04,419 - INFO -   - 고유한 last_oper_id: 121개
2025-09-05 12:28:04,419 - INFO -   - 평균 윈도우 길이: 99.3
2025-09-05 12:28:04,419 - INFO - ==================================================
2025-09-05 12:28:04,419 - INFO - 실험 완료: lstm_attention_20250905_120504
2025-09-05 12:28:04,419 - INFO - 모델 타입: lstm_attention
2025-09-05 12:28:04,419 - INFO - 테스트 RMSE: 0.1696
2025-09-05 12:28:04,420 - INFO - 테스트 MAE: 0.0693
2025-09-05 12:28:04,420 - INFO - 테스트 MAPE: 9229.27%
2025-09-05 12:28:04,420 - INFO - 총 파라미터 수: 680,961
2025-09-05 12:28:04,420 - INFO - 학습 가능한 파라미터 수: 680,961
2025-09-05 12:28:04,420 - INFO - 모델 저장 위치: 250905_cnn1d/lstm_attention_20250905_120504.pth
2025-09-05 12:28:04,420 - INFO - 결과 저장 위치: 250905_cnn1d/lstm_attention_20250905_120504_results.json
2025-09-05 12:28:04,420 - INFO - ==================================================
2025-09-05 12:28:33,144 - INFO - Using device: cuda:0
2025-09-05 12:28:33,144 - INFO - 데이터 로딩 중...
2025-09-05 12:44:11,478 - INFO - y값 제거 후: 1671457행
2025-09-05 12:44:11,478 - INFO - 
Inf 값 확인:
2025-09-05 12:44:11,490 - INFO -      → 아주 큰 값(100000.0)으로 대체
2025-09-05 12:44:11,946 - INFO - 원본 데이터 로드 완료:
2025-09-05 12:44:11,946 - INFO -   - 총 행 수: 1,671,457개
2025-09-05 12:44:11,955 - INFO -   - 고유 timekey_hr: 2136개
2025-09-05 12:44:11,955 - INFO - 통합된 범주형 변수 설정:
2025-09-05 12:44:11,955 - INFO -   - 변수별 카테고리 수: {'oper_group': 277, 'days': 7, 'shift': 3, 'x1': 20}
2025-09-05 12:44:11,955 - INFO -   - 총 vocabulary 크기: 307
2025-09-05 12:44:12,042 - INFO -   - oper_group: 인덱스 0~276 (277개)
2025-09-05 12:44:12,129 - INFO -   - days: 인덱스 277~283 (7개)
2025-09-05 12:44:12,205 - INFO -   - shift: 인덱스 284~286 (3개)
2025-09-05 12:44:12,307 - INFO -   - x1: 인덱스 287~306 (20개)
2025-09-05 12:44:12,307 - INFO -   - 최종 통합 vocabulary 크기: 307
2025-09-05 12:44:12,945 - INFO - 날짜 기준 데이터 분할 완료:
2025-09-05 12:44:12,945 - INFO -   - 총 날짜 수: 90일
2025-09-05 12:44:12,945 - INFO -   - Train: 72일 (1,342,808행)
2025-09-05 12:44:12,946 - INFO -   - Validation: 9일 (170,705행)
2025-09-05 12:44:12,946 - INFO -   - Test: 9일 (157,944행)
2025-09-05 12:44:12,946 - INFO -   - Train 날짜 범위: 20250503 ~ 20250713
2025-09-05 12:44:12,946 - INFO -   - Val 날짜 범위: 20250714 ~ 20250722
2025-09-05 12:44:12,946 - INFO -   - Test 날짜 범위: 20250723 ~ 20250731
2025-09-05 12:44:12,946 - INFO - 
Window sliding 설정:
2025-09-05 12:44:12,946 - INFO -   - Window 크기: 100
2025-09-05 12:44:12,946 - INFO -   - Stride: 100 (비겹침)
2025-09-05 12:44:12,946 - INFO -   - Padding 값: -9999.0
2025-09-05 12:44:32,186 - INFO - Window sliding 결과:
2025-09-05 12:44:32,186 - INFO -   - 총 샘플 수: 13756
2025-09-05 12:44:32,189 - INFO -   - 평균 실제 길이: 97.6
2025-09-05 12:44:32,191 - INFO -   - 최대 실제 길이: 100
2025-09-05 12:44:32,193 - INFO -   - 최소 실제 길이: 1
2025-09-05 12:44:32,195 - INFO -   - 고유한 timekey_hr: 1721개
2025-09-05 12:44:32,195 - INFO -   - timekey_hr당 평균 샘플 수: 8.0개
2025-09-05 12:44:32,199 - INFO - 시퀀스 데이터셋 구성 완료:
2025-09-05 12:44:32,199 - INFO -   - 총 샘플 수: 13756
2025-09-05 12:44:32,200 - INFO -   - Window 크기: 100
2025-09-05 12:44:32,200 - INFO -   - Stride: 100
2025-09-05 12:44:32,200 - INFO -   - 연속형 차원: 20
2025-09-05 12:44:32,200 - INFO -   - 범주형 변수 수: 4
2025-09-05 12:44:32,200 - INFO -   - 임베딩 차원: 8
2025-09-05 12:44:32,200 - INFO -   - 최종 특성 차원: 52
2025-09-05 12:44:32,200 - INFO -   - 패딩값: -9999.0
2025-09-05 12:44:34,927 - INFO - Window sliding 결과:
2025-09-05 12:44:34,927 - INFO -   - 총 샘플 수: 1730
2025-09-05 12:44:34,927 - INFO -   - 평균 실제 길이: 98.7
2025-09-05 12:44:34,928 - INFO -   - 최대 실제 길이: 100
2025-09-05 12:44:34,928 - INFO -   - 최소 실제 길이: 1
2025-09-05 12:44:34,928 - INFO -   - 고유한 timekey_hr: 216개
2025-09-05 12:44:34,928 - INFO -   - timekey_hr당 평균 샘플 수: 8.0개
2025-09-05 12:44:34,929 - INFO - 시퀀스 데이터셋 구성 완료:
2025-09-05 12:44:34,929 - INFO -   - 총 샘플 수: 1730
2025-09-05 12:44:34,929 - INFO -   - Window 크기: 100
2025-09-05 12:44:34,929 - INFO -   - Stride: 100
2025-09-05 12:44:34,929 - INFO -   - 연속형 차원: 20
2025-09-05 12:44:34,929 - INFO -   - 범주형 변수 수: 4
2025-09-05 12:44:34,930 - INFO -   - 임베딩 차원: 8
2025-09-05 12:44:34,930 - INFO -   - 최종 특성 차원: 52
2025-09-05 12:44:34,930 - INFO -   - 패딩값: -9999.0
2025-09-05 12:44:37,274 - INFO - Window sliding 결과:
2025-09-05 12:44:37,274 - INFO -   - 총 샘플 수: 1603
2025-09-05 12:44:37,275 - INFO -   - 평균 실제 길이: 98.5
2025-09-05 12:44:37,275 - INFO -   - 최대 실제 길이: 100
2025-09-05 12:44:37,275 - INFO -   - 최소 실제 길이: 1
2025-09-05 12:44:37,276 - INFO -   - 고유한 timekey_hr: 199개
2025-09-05 12:44:37,276 - INFO -   - timekey_hr당 평균 샘플 수: 8.1개
2025-09-05 12:44:37,276 - INFO - 시퀀스 데이터셋 구성 완료:
2025-09-05 12:44:37,276 - INFO -   - 총 샘플 수: 1603
2025-09-05 12:44:37,276 - INFO -   - Window 크기: 100
2025-09-05 12:44:37,277 - INFO -   - Stride: 100
2025-09-05 12:44:37,277 - INFO -   - 연속형 차원: 20
2025-09-05 12:44:37,277 - INFO -   - 범주형 변수 수: 4
2025-09-05 12:44:37,277 - INFO -   - 임베딩 차원: 8
2025-09-05 12:44:37,277 - INFO -   - 최종 특성 차원: 52
2025-09-05 12:44:37,277 - INFO -   - 패딩값: -9999.0
2025-09-05 12:44:37,277 - INFO - 
데이터로더 생성 완료:
2025-09-05 12:44:37,277 - INFO -   - 배치 크기: 16
2025-09-05 12:44:37,278 - INFO -   - Train 배치 수: 860
2025-09-05 12:44:37,278 - INFO -   - Val 배치 수: 109
2025-09-05 12:44:37,278 - INFO -   - Test 배치 수: 101
2025-09-05 12:44:37,278 - INFO -   - 최종 특성 차원: 52
2025-09-05 12:44:37,380 - INFO - 모델 생성 중...
2025-09-05 12:44:38,877 - INFO - 데이터로더에서 추출한 특성 차원: 52
2025-09-05 12:44:38,878 - INFO - 모델 생성 중:
2025-09-05 12:44:38,878 - INFO -   - 모델 타입: transformer
2025-09-05 12:44:38,878 - INFO -   - 입력 특성 차원: 52
2025-09-05 12:44:38,878 - INFO -   - 히든 차원: 128
2025-09-05 12:44:38,878 - INFO -   - 레이어 수: 2
2025-09-05 12:44:38,878 - INFO -   - 드롭아웃: 0.1
2025-09-05 12:44:38,915 - INFO -   - d_model: 256
2025-09-05 12:44:38,915 - INFO -   - num_heads: 8
2025-09-05 12:44:38,915 - INFO -   - dim_feedforward: 1024
2025-09-05 12:44:38,915 - INFO -   - 위치 인코딩: 사용
2025-09-05 12:44:38,916 - INFO -   - 총 파라미터 수: 1,626,113
2025-09-05 12:44:38,916 - INFO -   - 학습 가능한 파라미터 수: 1,626,113
2025-09-05 12:44:38,916 - INFO - 모델 생성 완료!
2025-09-05 12:44:38,916 - INFO - 훈련 시작...
2025-09-05 12:44:41,233 - INFO - 훈련 시작: 100 에폭, 학습률 0.01
2025-09-05 12:44:41,233 - INFO - 모델 타입: transformer
2025-09-05 12:44:41,234 - INFO - 검증 간격: 2 에폭마다
2025-09-05 12:44:41,234 - INFO - 로깅 간격: 1 에폭마다
2025-09-05 12:44:48,027 - INFO - Epoch   1: Train Loss=941860.6056, Train MAPE=nan% (검증 생략)
2025-09-05 12:44:55,023 - INFO - Epoch   2: Train Loss=1000000.0000, Val Loss=1000000.0000, Train MAPE=nan%, Val MAPE=nan%
2025-09-05 12:44:55,057 - INFO -   → Best model saved! (Val Loss: 1000000.0000)
2025-09-05 13:29:21,470 - INFO - Using device: cuda:0
2025-09-05 13:29:21,470 - INFO - 데이터 로딩 중...
